<?xml version="1.0" encoding="UTF-8"?>
<!-- Generated by org.testng.reporters.JUnitReportReporter -->
<testsuite hostname="DESKTOP-QFCL18R" failures="0" tests="3" name="testCases.Title" time="33.972" errors="0" timestamp="2023-07-31T22:58:30 IST" skipped="0">
  <testcase classname="testCases.Title" name="method" time="10.740"/>
  <testcase classname="testCases.Title" name="veryfyMenuClickable" time="13.962"/>
  <testcase classname="testCases.Title" name="verifyHomeTitle" time="9.270"/>
</testsuite> <!-- testCases.Title -->
