<?xml version="1.0" encoding="UTF-8"?>
<!-- Generated by org.testng.reporters.JUnitReportReporter -->
<testsuite hostname="DESKTOP-QFCL18R" failures="0" tests="5" name="testCases.HomePage" time="63.988" errors="0" timestamp="2023-08-01T01:08:02 IST" skipped="0">
  <testcase classname="testCases.HomePage" name="verifyHomeTitle" time="11.572"/>
  <testcase classname="testCases.HomePage" name="veryfyMenuClickable" time="12.533"/>
  <testcase classname="testCases.HomePage" name="loginPopUpOpen" time="12.290"/>
  <testcase classname="testCases.HomePage" name="CheckSignUp" time="12.763"/>
  <testcase classname="testCases.HomePage" name="searchServices" time="14.830"/>
</testsuite> <!-- testCases.HomePage -->
